<?xml version="1.0" encoding="UTF-8"?>
<!-- Generated by org.testng.reporters.JUnitXMLReporter -->
<testsuite ignored="2" hostname="DESKTOP-TEBPBBT" failures="1" tests="2" name="Test" time="10.111" errors="0" timestamp="2024-10-14T21:57:40 BST">
  <testcase classname="com.regression.SignInTest" name="SignInToLogin" time="6.698"/>
  <testcase classname="com.regression.LoginTest" name="ValidCredentials" time="3.275">
    <failure type="org.openqa.selenium.ElementNotInteractableException" message="element not interactable
  (Session info: chrome=129.0.6668.90)
Build info: version: &amp;apos;4.25.0&amp;apos;, revision: &amp;apos;8a8aea2337&amp;apos;
System info: os.name: &amp;apos;Windows 10&amp;apos;, os.arch: &amp;apos;amd64&amp;apos;, os.version: &amp;apos;10.0&amp;apos;, java.version: &amp;apos;21.0.4&amp;apos;
Driver info: org.openqa.selenium.chrome.ChromeDriver
Command: [24e3989ec96e8ffc7779feba3f22d76a, sendKeysToElement {value=[Ljava.lang.CharSequence;@251ebf23, id=f.CD6853332F06735BCCD359277FEA389B.d.863DF16D6B517F62D7FE05D30D439EBB.e.173}]
Capabilities {acceptInsecureCerts: false, browserName: chrome, browserVersion: 129.0.6668.90, chrome: {chromedriverVersion: 129.0.6668.100 (cf58cba358d..., userDataDir: C:\Users\Pravin\AppData\Loc...}, fedcm:accounts: true, goog:chromeOptions: {debuggerAddress: localhost:62333}, networkConnectionEnabled: false, pageLoadStrategy: normal, platformName: windows, proxy: Proxy(), se:cdp: ws://localhost:62333/devtoo..., se:cdpVersion: 129.0.6668.90, setWindowRect: true, strictFileInteractability: false, timeouts: {implicit: 0, pageLoad: 300000, script: 30000}, unhandledPromptBehavior: dismiss and notify, webauthn:extension:credBlob: true, webauthn:extension:largeBlob: true, webauthn:extension:minPinLength: true, webauthn:extension:prf: true, webauthn:virtualAuthenticators: true}
Element: [[ChromeDriver: chrome on windows (24e3989ec96e8ffc7779feba3f22d76a)] -&amp;gt; id: password]
Session ID: 24e3989ec96e8ffc7779feba3f22d76a">
      <![CDATA[org.openqa.selenium.ElementNotInteractableException: element not interactable
  (Session info: chrome=129.0.6668.90)
Build info: version: '4.25.0', revision: '8a8aea2337'
System info: os.name: 'Windows 10', os.arch: 'amd64', os.version: '10.0', java.version: '21.0.4'
Driver info: org.openqa.selenium.chrome.ChromeDriver
Command: [24e3989ec96e8ffc7779feba3f22d76a, sendKeysToElement {value=[Ljava.lang.CharSequence;@251ebf23, id=f.CD6853332F06735BCCD359277FEA389B.d.863DF16D6B517F62D7FE05D30D439EBB.e.173}]
Capabilities {acceptInsecureCerts: false, browserName: chrome, browserVersion: 129.0.6668.90, chrome: {chromedriverVersion: 129.0.6668.100 (cf58cba358d..., userDataDir: C:\Users\Pravin\AppData\Loc...}, fedcm:accounts: true, goog:chromeOptions: {debuggerAddress: localhost:62333}, networkConnectionEnabled: false, pageLoadStrategy: normal, platformName: windows, proxy: Proxy(), se:cdp: ws://localhost:62333/devtoo..., se:cdpVersion: 129.0.6668.90, setWindowRect: true, strictFileInteractability: false, timeouts: {implicit: 0, pageLoad: 300000, script: 30000}, unhandledPromptBehavior: dismiss and notify, webauthn:extension:credBlob: true, webauthn:extension:largeBlob: true, webauthn:extension:minPinLength: true, webauthn:extension:prf: true, webauthn:virtualAuthenticators: true}
Element: [[ChromeDriver: chrome on windows (24e3989ec96e8ffc7779feba3f22d76a)] -> id: password]
Session ID: 24e3989ec96e8ffc7779feba3f22d76a
at org.openqa.selenium.remote.ErrorCodec.decode(ErrorCodec.java:167)
at org.openqa.selenium.remote.codec.w3c.W3CHttpResponseCodec.decode(W3CHttpResponseCodec.java:138)
at org.openqa.selenium.remote.codec.w3c.W3CHttpResponseCodec.decode(W3CHttpResponseCodec.java:50)
at org.openqa.selenium.remote.HttpCommandExecutor.execute(HttpCommandExecutor.java:190)
at org.openqa.selenium.remote.service.DriverCommandExecutor.invokeExecute(DriverCommandExecutor.java:216)
at org.openqa.selenium.remote.service.DriverCommandExecutor.execute(DriverCommandExecutor.java:174)
at org.openqa.selenium.remote.RemoteWebDriver.execute(RemoteWebDriver.java:545)
at org.openqa.selenium.remote.RemoteWebElement.execute(RemoteWebElement.java:223)
at org.openqa.selenium.remote.RemoteWebElement.sendKeys(RemoteWebElement.java:110)
at com.process.LoginProcess.LoginWithValidCredential(LoginProcess.java:46)
at com.regression.LoginTest.ValidCredentials(LoginTest.java:16)
at java.base/java.util.ArrayList.forEach(ArrayList.java:1596)
... Removed 28 stack frames]]>
    </failure>
  </testcase> <!-- ValidCredentials -->
  <testcase classname="com.regression.Setup" name="@BeforeSuite Initalization" time="0.0">
    <ignored/>
  </testcase> <!-- @BeforeSuite Initalization -->
  <testcase classname="com.regression.Setup" name="@AfterSuite Cleanup" time="0.0">
    <ignored/>
  </testcase> <!-- @AfterSuite Cleanup -->
</testsuite> <!-- Test -->
